<?xml version="1.0" encoding="UTF-8"?>
<!-- Generated by org.testng.reporters.JUnitXMLReporter -->
<testsuite ignored="0" hostname="AshokRavis-MacBook-Pro.local" failures="0" tests="5" name="Test" time="0.047" errors="0" timestamp="2024-06-21T22:19:56 IST">
  <testcase classname="Advanced.parallelTest" name="test2" time="0.012"/>
  <testcase classname="Advanced.parallelTest" name="test1" time="0.012"/>
  <testcase classname="Advanced.parallelTest" name="test1" time="0.012"/>
  <testcase classname="Advanced.parallelTest" name="test1" time="0.012"/>
  <testcase classname="Advanced.parallelTest" name="test3" time="0.003"/>
</testsuite> <!-- Test -->
